#-----------------------------------------------------------
# Vivado v2024.2 (64-bit)
# SW Build 5239630 on Fri Nov 08 22:34:34 MST 2024
# IP Build 5239520 on Sun Nov 10 16:12:51 MST 2024
# SharedData Build 5239561 on Fri Nov 08 14:39:27 MST 2024
# Start of session at: Thu May  1 14:08:34 2025
# Process ID         : 8758
# Current directory  : /home/nami/Documents/Proyecto_HDL_Synth/hw/SPI_sv
# Command line       : vivado
# Log file           : /home/nami/Documents/Proyecto_HDL_Synth/hw/SPI_sv/vivado.log
# Journal file       : /home/nami/Documents/Proyecto_HDL_Synth/hw/SPI_sv/vivado.jou
# Running On         : nami-virtual-machine
# Platform           : Ubuntu
# Operating System   : Ubuntu 22.04.5 LTS
# Processor Detail   : Intel(R) Core(TM) i9-9880H CPU @ 2.30GHz
# CPU Frequency      : 2304.000 MHz
# CPU Physical cores : 8
# CPU Logical cores  : 8
# Host memory        : 8078 MB
# Swap memory        : 2243 MB
# Total Virtual      : 10322 MB
# Available Virtual  : 8146 MB
#-----------------------------------------------------------
start_gui
open_project /home/nami/Documents/Proyecto_HDL_Synth/hw/SPI_sv/SPI_sv.xpr
INFO: [filemgmt 56-3] Default IP Output Path : Could not find the directory '/home/nami/Documents/Proyecto_HDL_Synth/hw/SPI_sv/SPI_sv.gen/sources_1'.
Scanning sources...
Finished scanning sources
INFO: [IP_Flow 19-234] Refreshing IP repositories
INFO: [IP_Flow 19-1704] No user IP repositories specified
INFO: [IP_Flow 19-2313] Loaded Vivado IP repository '/tools/Xilinx/Vivado/2024.2/data/ip'.
update_compile_order -fileset sources_1
launch_simulation
Command: launch_simulation 
INFO: [Vivado 12-12493] Simulation top is 'tb'
INFO: [Vivado 12-5682] Launching behavioral simulation in '/home/nami/Documents/Proyecto_HDL_Synth/hw/SPI_sv/SPI_sv.sim/sim_1/behav/xsim'
INFO: [SIM-utils-51] Simulation object is 'sim_1'
INFO: [SIM-utils-72] Using boost library from '/tools/Xilinx/Vivado/2024.2/tps/boost_1_72_0'
INFO: [SIM-utils-54] Inspecting design source files for 'tb' in fileset 'sim_1'...
INFO: [USF-XSim-97] Finding global include files...
INFO: [USF-XSim-98] Fetching design files from 'sim_1'...
INFO: [USF-XSim-2] XSim::Compile design
INFO: [USF-XSim-61] Executing 'COMPILE and ANALYZE' step in '/home/nami/Documents/Proyecto_HDL_Synth/hw/SPI_sv/SPI_sv.sim/sim_1/behav/xsim'
xvlog --incr --relax -L uvm -prj tb_vlog.prj
INFO: [VRFC 10-2263] Analyzing SystemVerilog file "/home/nami/Documents/Proyecto_HDL_Synth/hw/rtl/SPI.sv" into library xil_defaultlib
INFO: [VRFC 10-311] analyzing module SPI
INFO: [VRFC 10-2263] Analyzing SystemVerilog file "/home/nami/Documents/Proyecto_HDL_Synth/hw/tb/SPI_if.sv" into library xil_defaultlib
WARNING: [VRFC 10-2502] extra semicolon in $unit (global) scope [/home/nami/Documents/Proyecto_HDL_Synth/hw/tb/SPI_if.sv:50]
INFO: [VRFC 10-2263] Analyzing SystemVerilog file "/home/nami/Documents/Proyecto_HDL_Synth/hw/tb/test.sv" into library xil_defaultlib
INFO: [VRFC 10-311] analyzing module test
INFO: [VRFC 10-2263] Analyzing SystemVerilog file "/home/nami/Documents/Proyecto_HDL_Synth/hw/tb/tb.sv" into library xil_defaultlib
INFO: [VRFC 10-311] analyzing module tb
Waiting for jobs to finish...
No pending jobs, compilation finished.
INFO: [USF-XSim-69] 'compile' step finished in '2' seconds
INFO: [USF-XSim-3] XSim::Elaborate design
INFO: [USF-XSim-61] Executing 'ELABORATE' step in '/home/nami/Documents/Proyecto_HDL_Synth/hw/SPI_sv/SPI_sv.sim/sim_1/behav/xsim'
xelab --incr --debug typical --relax --mt 8 -L xil_defaultlib -L uvm -L unisims_ver -L unimacro_ver -L secureip --snapshot tb_behav xil_defaultlib.tb xil_defaultlib.glbl -log elaborate.log
Vivado Simulator v2024.2.0
Copyright 1986-2022 Xilinx, Inc. All Rights Reserved.
Copyright 2022-2024 Advanced Micro Devices, Inc. All Rights Reserved.
Running: /tools/Xilinx/Vivado/2024.2/bin/unwrapped/lnx64.o/xelab --incr --debug typical --relax --mt 8 -L xil_defaultlib -L uvm -L unisims_ver -L unimacro_ver -L secureip --snapshot tb_behav xil_defaultlib.tb xil_defaultlib.glbl -log elaborate.log 
Using 8 slave threads.
Starting static elaboration
Pass Through NonSizing Optimizer
Completed static elaboration
Starting simulation data flow analysis
WARNING: [XSIM 43-4099] "/home/nami/Documents/Proyecto_HDL_Synth/hw/tb/SPI_if.sv" Line 1. Module SPI_if_default doesn't have a timescale but at least one module in design has a timescale.
WARNING: [XSIM 43-4099] "/home/nami/Documents/Proyecto_HDL_Synth/hw/tb/SPI_if.sv" Line 19. Module cb doesn't have a timescale but at least one module in design has a timescale.
WARNING: [XSIM 43-4099] "/home/nami/Documents/Proyecto_HDL_Synth/hw/tb/test.sv" Line 1. Module test_default doesn't have a timescale but at least one module in design has a timescale.
WARNING: [XSIM 43-4099] "/home/nami/Documents/Proyecto_HDL_Synth/hw/rtl/SPI.sv" Line 6. Module SPI doesn't have a timescale but at least one module in design has a timescale.
WARNING: [XSIM 43-4099] "/home/nami/Documents/Proyecto_HDL_Synth/hw/tb/SPI_if.sv" Line 1. Module SPI_if_default doesn't have a timescale but at least one module in design has a timescale.
WARNING: [XSIM 43-4099] "/home/nami/Documents/Proyecto_HDL_Synth/hw/tb/SPI_if.sv" Line 19. Module cb doesn't have a timescale but at least one module in design has a timescale.
WARNING: [XSIM 43-4099] "/home/nami/Documents/Proyecto_HDL_Synth/hw/tb/SPI_if.sv" Line 19. Module cb doesn't have a timescale but at least one module in design has a timescale.
WARNING: [XSIM 43-4099] "/home/nami/Documents/Proyecto_HDL_Synth/hw/tb/test.sv" Line 1. Module test_default doesn't have a timescale but at least one module in design has a timescale.
WARNING: [XSIM 43-4099] "/home/nami/Documents/Proyecto_HDL_Synth/hw/rtl/SPI.sv" Line 6. Module SPI doesn't have a timescale but at least one module in design has a timescale.
Completed simulation data flow analysis
Time Resolution for simulation is 1ps
Compiling module xil_defaultlib.cb
Compiling module xil_defaultlib.SPI_if_default
Compiling module xil_defaultlib.test_default
Compiling module xil_defaultlib.SPI
Compiling module xil_defaultlib.tb
Compiling module xil_defaultlib.glbl
Built simulation snapshot tb_behav
INFO: [USF-XSim-69] 'elaborate' step finished in '2' seconds
INFO: [USF-XSim-4] XSim::Simulate design
INFO: [USF-XSim-61] Executing 'SIMULATE' step in '/home/nami/Documents/Proyecto_HDL_Synth/hw/SPI_sv/SPI_sv.sim/sim_1/behav/xsim'
INFO: [USF-XSim-98] *** Running xsim
   with args "tb_behav -key {Behavioral:sim_1:Functional:tb} -tclbatch {tb.tcl} -log {simulate.log}"
INFO: [USF-XSim-8] Loading simulator feature
Time resolution is 1 ps
source tb.tcl
# set curr_wave [current_wave_config]
# if { [string length $curr_wave] == 0 } {
#   if { [llength [get_objects]] > 0} {
#     add_wave /
#     set_property needs_save false [current_wave_config]
#   } else {
#      send_msg_id Add_Wave-1 WARNING "No top level signals found. Simulator will start without a wave window. If you want to open a wave window go to 'File->New Waveform Configuration' or type 'create_wave_config' in the TCL console."
#   }
# }
# run 1000ns
Inicio.
INFO: [USF-XSim-96] XSim completed. Design snapshot 'tb_behav' loaded.
INFO: [USF-XSim-97] XSim simulation ran for 1000ns
launch_simulation: Time (s): cpu = 00:00:10 ; elapsed = 00:00:09 . Memory (MB): peak = 7895.293 ; gain = 80.250 ; free physical = 1329 ; free virtual = 6996
current_wave_config {Untitled 1}
Untitled 1
add_wave {{/tb/vif/clk_i}} {{/tb/vif/reset_i}} {{/tb/vif/din_i}} {{/tb/vif/dvsr_i}} {{/tb/vif/start_i}} {{/tb/vif/cpol_i}} {{/tb/vif/cpha_i}} {{/tb/vif/dout_o}} {{/tb/vif/spi_done_tick_o}} {{/tb/vif/ready_o}} {{/tb/vif/sclk_o}} {{/tb/vif/miso_i}} {{/tb/vif/mosi_o}} 
restart
INFO: [Wavedata 42-604] Simulation restarted
run all
Inicio.
$finish called at time : 4210 ns : File "/home/nami/Documents/Proyecto_HDL_Synth/hw/tb/test.sv" Line 15
WARNING: [filemgmt 56-199] Attempt to get parsing info during refresh. "On-the-fly" syntax checking information may be incorrect. [/home/nami/Documents/Proyecto_HDL_Synth/hw/tb/tb.sv:]
WARNING: [filemgmt 56-199] Attempt to get parsing info during refresh. "On-the-fly" syntax checking information may be incorrect. [/home/nami/Documents/Proyecto_HDL_Synth/hw/tb/SPI_if.sv:]
WARNING: [filemgmt 56-199] Attempt to get parsing info during refresh. "On-the-fly" syntax checking information may be incorrect. [/home/nami/Documents/Proyecto_HDL_Synth/hw/tb/test.sv:]
WARNING: [filemgmt 56-199] Attempt to get parsing info during refresh. "On-the-fly" syntax checking information may be incorrect. [/home/nami/Documents/Proyecto_HDL_Synth/hw/tb/test.sv:]
WARNING: [filemgmt 56-199] Attempt to get parsing info during refresh. "On-the-fly" syntax checking information may be incorrect. [/home/nami/Documents/Proyecto_HDL_Synth/hw/tb/test.sv:]
relaunch_sim
Command: launch_simulation -step compile -simset sim_1 -mode behavioral
INFO: [Vivado 12-12493] Simulation top is 'tb'
WARNING: [filemgmt 56-199] Attempt to get parsing info during refresh. "On-the-fly" syntax checking information may be incorrect. [/home/nami/Documents/Proyecto_HDL_Synth/hw/tb/tb.sv:]
WARNING: [filemgmt 56-199] Attempt to get parsing info during refresh. "On-the-fly" syntax checking information may be incorrect. [/home/nami/Documents/Proyecto_HDL_Synth/hw/tb/SPI_if.sv:]
WARNING: [filemgmt 56-199] Attempt to get parsing info during refresh. "On-the-fly" syntax checking information may be incorrect. [/home/nami/Documents/Proyecto_HDL_Synth/hw/tb/test.sv:]
WARNING: [filemgmt 56-199] Attempt to get parsing info during refresh. "On-the-fly" syntax checking information may be incorrect. [/home/nami/Documents/Proyecto_HDL_Synth/hw/tb/tb.sv:]
WARNING: [filemgmt 56-199] Attempt to get parsing info during refresh. "On-the-fly" syntax checking information may be incorrect. [/home/nami/Documents/Proyecto_HDL_Synth/hw/tb/tb.sv:]
INFO: [Vivado 12-5682] Launching behavioral simulation in '/home/nami/Documents/Proyecto_HDL_Synth/hw/SPI_sv/SPI_sv.sim/sim_1/behav/xsim'
INFO: [SIM-utils-51] Simulation object is 'sim_1'
INFO: [SIM-utils-72] Using boost library from '/tools/Xilinx/Vivado/2024.2/tps/boost_1_72_0'
INFO: [SIM-utils-54] Inspecting design source files for 'tb' in fileset 'sim_1'...
INFO: [USF-XSim-97] Finding global include files...
INFO: [USF-XSim-98] Fetching design files from 'sim_1'...
INFO: [USF-XSim-2] XSim::Compile design
INFO: [USF-XSim-61] Executing 'COMPILE and ANALYZE' step in '/home/nami/Documents/Proyecto_HDL_Synth/hw/SPI_sv/SPI_sv.sim/sim_1/behav/xsim'
xvlog --incr --relax -L uvm -prj tb_vlog.prj
INFO: [VRFC 10-2263] Analyzing SystemVerilog file "/home/nami/Documents/Proyecto_HDL_Synth/hw/rtl/SPI.sv" into library xil_defaultlib
INFO: [VRFC 10-311] analyzing module SPI
INFO: [VRFC 10-2263] Analyzing SystemVerilog file "/home/nami/Documents/Proyecto_HDL_Synth/hw/tb/SPI_if.sv" into library xil_defaultlib
WARNING: [VRFC 10-2502] extra semicolon in $unit (global) scope [/home/nami/Documents/Proyecto_HDL_Synth/hw/tb/SPI_if.sv:50]
INFO: [VRFC 10-2263] Analyzing SystemVerilog file "/home/nami/Documents/Proyecto_HDL_Synth/hw/tb/test.sv" into library xil_defaultlib
INFO: [VRFC 10-311] analyzing module test
INFO: [VRFC 10-2263] Analyzing SystemVerilog file "/home/nami/Documents/Proyecto_HDL_Synth/hw/tb/tb.sv" into library xil_defaultlib
INFO: [VRFC 10-311] analyzing module tb
Waiting for jobs to finish...
No pending jobs, compilation finished.
INFO: [USF-XSim-69] 'compile' step finished in '2' seconds
Command: launch_simulation -step elaborate -simset sim_1 -mode behavioral
INFO: [Vivado 12-12493] Simulation top is 'tb'
INFO: [Vivado 12-5682] Launching behavioral simulation in '/home/nami/Documents/Proyecto_HDL_Synth/hw/SPI_sv/SPI_sv.sim/sim_1/behav/xsim'
INFO: [SIM-utils-51] Simulation object is 'sim_1'
INFO: [USF-XSim-3] XSim::Elaborate design
INFO: [USF-XSim-61] Executing 'ELABORATE' step in '/home/nami/Documents/Proyecto_HDL_Synth/hw/SPI_sv/SPI_sv.sim/sim_1/behav/xsim'
xelab --incr --debug typical --relax --mt 8 -L xil_defaultlib -L uvm -L unisims_ver -L unimacro_ver -L secureip --snapshot tb_behav xil_defaultlib.tb xil_defaultlib.glbl -log elaborate.log
Vivado Simulator v2024.2.0
Copyright 1986-2022 Xilinx, Inc. All Rights Reserved.
Copyright 2022-2024 Advanced Micro Devices, Inc. All Rights Reserved.
Running: /tools/Xilinx/Vivado/2024.2/bin/unwrapped/lnx64.o/xelab --incr --debug typical --relax --mt 8 -L xil_defaultlib -L uvm -L unisims_ver -L unimacro_ver -L secureip --snapshot tb_behav xil_defaultlib.tb xil_defaultlib.glbl -log elaborate.log 
Using 8 slave threads.
Starting static elaboration
Pass Through NonSizing Optimizer
Completed static elaboration
Starting simulation data flow analysis
WARNING: [XSIM 43-4099] "/home/nami/Documents/Proyecto_HDL_Synth/hw/tb/SPI_if.sv" Line 1. Module SPI_if_default doesn't have a timescale but at least one module in design has a timescale.
WARNING: [XSIM 43-4099] "/home/nami/Documents/Proyecto_HDL_Synth/hw/tb/SPI_if.sv" Line 19. Module cb doesn't have a timescale but at least one module in design has a timescale.
WARNING: [XSIM 43-4099] "/home/nami/Documents/Proyecto_HDL_Synth/hw/tb/test.sv" Line 1. Module test_default doesn't have a timescale but at least one module in design has a timescale.
WARNING: [XSIM 43-4099] "/home/nami/Documents/Proyecto_HDL_Synth/hw/rtl/SPI.sv" Line 6. Module SPI doesn't have a timescale but at least one module in design has a timescale.
WARNING: [XSIM 43-4099] "/home/nami/Documents/Proyecto_HDL_Synth/hw/tb/SPI_if.sv" Line 1. Module SPI_if_default doesn't have a timescale but at least one module in design has a timescale.
WARNING: [XSIM 43-4099] "/home/nami/Documents/Proyecto_HDL_Synth/hw/tb/SPI_if.sv" Line 19. Module cb doesn't have a timescale but at least one module in design has a timescale.
WARNING: [XSIM 43-4099] "/home/nami/Documents/Proyecto_HDL_Synth/hw/tb/SPI_if.sv" Line 19. Module cb doesn't have a timescale but at least one module in design has a timescale.
WARNING: [XSIM 43-4099] "/home/nami/Documents/Proyecto_HDL_Synth/hw/tb/test.sv" Line 1. Module test_default doesn't have a timescale but at least one module in design has a timescale.
WARNING: [XSIM 43-4099] "/home/nami/Documents/Proyecto_HDL_Synth/hw/rtl/SPI.sv" Line 6. Module SPI doesn't have a timescale but at least one module in design has a timescale.
Completed simulation data flow analysis
Time Resolution for simulation is 1ps
Compiling module xil_defaultlib.cb
Compiling module xil_defaultlib.SPI_if_default
Compiling module xil_defaultlib.test_default
Compiling module xil_defaultlib.SPI
Compiling module xil_defaultlib.tb
Compiling module xil_defaultlib.glbl
Built simulation snapshot tb_behav
INFO: [USF-XSim-69] 'elaborate' step finished in '2' seconds
Time resolution is 1 ps
Inicio.
relaunch_sim: Time (s): cpu = 00:00:12 ; elapsed = 00:00:08 . Memory (MB): peak = 7899.238 ; gain = 0.000 ; free physical = 1267 ; free virtual = 6939
restart
INFO: [Wavedata 42-604] Simulation restarted
run all
Inicio.
$finish called at time : 4210 ns : File "/home/nami/Documents/Proyecto_HDL_Synth/hw/tb/test.sv" Line 15
WARNING: [filemgmt 56-199] Attempt to get parsing info during refresh. "On-the-fly" syntax checking information may be incorrect. [/home/nami/Documents/Proyecto_HDL_Synth/hw/tb/tb.sv:]
WARNING: [filemgmt 56-199] Attempt to get parsing info during refresh. "On-the-fly" syntax checking information may be incorrect. [/home/nami/Documents/Proyecto_HDL_Synth/hw/tb/SPI_if.sv:]
WARNING: [filemgmt 56-199] Attempt to get parsing info during refresh. "On-the-fly" syntax checking information may be incorrect. [/home/nami/Documents/Proyecto_HDL_Synth/hw/tb/test.sv:]
WARNING: [filemgmt 56-199] Attempt to get parsing info during refresh. "On-the-fly" syntax checking information may be incorrect. [/home/nami/Documents/Proyecto_HDL_Synth/hw/tb/tb.sv:]
WARNING: [filemgmt 56-199] Attempt to get parsing info during refresh. "On-the-fly" syntax checking information may be incorrect. [/home/nami/Documents/Proyecto_HDL_Synth/hw/tb/tb.sv:]
relaunch_sim
WARNING: [filemgmt 56-199] Attempt to get parsing info during refresh. "On-the-fly" syntax checking information may be incorrect. [/home/nami/Documents/Proyecto_HDL_Synth/hw/tb/tb.sv:]
WARNING: [filemgmt 56-199] Attempt to get parsing info during refresh. "On-the-fly" syntax checking information may be incorrect. [/home/nami/Documents/Proyecto_HDL_Synth/hw/tb/SPI_if.sv:]
WARNING: [filemgmt 56-199] Attempt to get parsing info during refresh. "On-the-fly" syntax checking information may be incorrect. [/home/nami/Documents/Proyecto_HDL_Synth/hw/tb/test.sv:]
WARNING: [filemgmt 56-199] Attempt to get parsing info during refresh. "On-the-fly" syntax checking information may be incorrect. [/home/nami/Documents/Proyecto_HDL_Synth/hw/tb/SPI_if.sv:]
WARNING: [filemgmt 56-199] Attempt to get parsing info during refresh. "On-the-fly" syntax checking information may be incorrect. [/home/nami/Documents/Proyecto_HDL_Synth/hw/tb/SPI_if.sv:]
Command: launch_simulation -step compile -simset sim_1 -mode behavioral
INFO: [Vivado 12-12493] Simulation top is 'tb'
INFO: [Vivado 12-5682] Launching behavioral simulation in '/home/nami/Documents/Proyecto_HDL_Synth/hw/SPI_sv/SPI_sv.sim/sim_1/behav/xsim'
INFO: [SIM-utils-51] Simulation object is 'sim_1'
INFO: [USF-XSim-2] XSim::Compile design
INFO: [USF-XSim-61] Executing 'COMPILE and ANALYZE' step in '/home/nami/Documents/Proyecto_HDL_Synth/hw/SPI_sv/SPI_sv.sim/sim_1/behav/xsim'
xvlog --incr --relax -L uvm -prj tb_vlog.prj
INFO: [VRFC 10-2263] Analyzing SystemVerilog file "/home/nami/Documents/Proyecto_HDL_Synth/hw/rtl/SPI.sv" into library xil_defaultlib
INFO: [VRFC 10-311] analyzing module SPI
INFO: [VRFC 10-2263] Analyzing SystemVerilog file "/home/nami/Documents/Proyecto_HDL_Synth/hw/tb/SPI_if.sv" into library xil_defaultlib
WARNING: [VRFC 10-2502] extra semicolon in $unit (global) scope [/home/nami/Documents/Proyecto_HDL_Synth/hw/tb/SPI_if.sv:50]
INFO: [VRFC 10-2263] Analyzing SystemVerilog file "/home/nami/Documents/Proyecto_HDL_Synth/hw/tb/test.sv" into library xil_defaultlib
INFO: [VRFC 10-311] analyzing module test
INFO: [VRFC 10-2263] Analyzing SystemVerilog file "/home/nami/Documents/Proyecto_HDL_Synth/hw/tb/tb.sv" into library xil_defaultlib
INFO: [VRFC 10-311] analyzing module tb
Waiting for jobs to finish...
No pending jobs, compilation finished.
INFO: [USF-XSim-69] 'compile' step finished in '2' seconds
Command: launch_simulation -step elaborate -simset sim_1 -mode behavioral
INFO: [Vivado 12-12493] Simulation top is 'tb'
INFO: [Vivado 12-5682] Launching behavioral simulation in '/home/nami/Documents/Proyecto_HDL_Synth/hw/SPI_sv/SPI_sv.sim/sim_1/behav/xsim'
INFO: [SIM-utils-51] Simulation object is 'sim_1'
INFO: [USF-XSim-3] XSim::Elaborate design
INFO: [USF-XSim-61] Executing 'ELABORATE' step in '/home/nami/Documents/Proyecto_HDL_Synth/hw/SPI_sv/SPI_sv.sim/sim_1/behav/xsim'
xelab --incr --debug typical --relax --mt 8 -L xil_defaultlib -L uvm -L unisims_ver -L unimacro_ver -L secureip --snapshot tb_behav xil_defaultlib.tb xil_defaultlib.glbl -log elaborate.log
Vivado Simulator v2024.2.0
Copyright 1986-2022 Xilinx, Inc. All Rights Reserved.
Copyright 2022-2024 Advanced Micro Devices, Inc. All Rights Reserved.
Running: /tools/Xilinx/Vivado/2024.2/bin/unwrapped/lnx64.o/xelab --incr --debug typical --relax --mt 8 -L xil_defaultlib -L uvm -L unisims_ver -L unimacro_ver -L secureip --snapshot tb_behav xil_defaultlib.tb xil_defaultlib.glbl -log elaborate.log 
Using 8 slave threads.
Starting static elaboration
Pass Through NonSizing Optimizer
Completed static elaboration
Starting simulation data flow analysis
WARNING: [XSIM 43-4099] "/home/nami/Documents/Proyecto_HDL_Synth/hw/tb/SPI_if.sv" Line 1. Module SPI_if_default doesn't have a timescale but at least one module in design has a timescale.
WARNING: [XSIM 43-4099] "/home/nami/Documents/Proyecto_HDL_Synth/hw/tb/SPI_if.sv" Line 19. Module cb doesn't have a timescale but at least one module in design has a timescale.
WARNING: [XSIM 43-4099] "/home/nami/Documents/Proyecto_HDL_Synth/hw/tb/test.sv" Line 1. Module test_default doesn't have a timescale but at least one module in design has a timescale.
WARNING: [XSIM 43-4099] "/home/nami/Documents/Proyecto_HDL_Synth/hw/rtl/SPI.sv" Line 6. Module SPI doesn't have a timescale but at least one module in design has a timescale.
WARNING: [XSIM 43-4099] "/home/nami/Documents/Proyecto_HDL_Synth/hw/tb/SPI_if.sv" Line 1. Module SPI_if_default doesn't have a timescale but at least one module in design has a timescale.
WARNING: [XSIM 43-4099] "/home/nami/Documents/Proyecto_HDL_Synth/hw/tb/SPI_if.sv" Line 19. Module cb doesn't have a timescale but at least one module in design has a timescale.
WARNING: [XSIM 43-4099] "/home/nami/Documents/Proyecto_HDL_Synth/hw/tb/SPI_if.sv" Line 19. Module cb doesn't have a timescale but at least one module in design has a timescale.
WARNING: [XSIM 43-4099] "/home/nami/Documents/Proyecto_HDL_Synth/hw/tb/test.sv" Line 1. Module test_default doesn't have a timescale but at least one module in design has a timescale.
WARNING: [XSIM 43-4099] "/home/nami/Documents/Proyecto_HDL_Synth/hw/rtl/SPI.sv" Line 6. Module SPI doesn't have a timescale but at least one module in design has a timescale.
Completed simulation data flow analysis
Time Resolution for simulation is 1ps
Compiling module xil_defaultlib.cb
Compiling module xil_defaultlib.SPI_if_default
Compiling module xil_defaultlib.test_default
Compiling module xil_defaultlib.SPI
Compiling module xil_defaultlib.tb
Compiling module xil_defaultlib.glbl
Built simulation snapshot tb_behav
INFO: [USF-XSim-69] 'elaborate' step finished in '3' seconds
Time resolution is 1 ps
Inicio.
relaunch_sim: Time (s): cpu = 00:00:11 ; elapsed = 00:00:09 . Memory (MB): peak = 7911.102 ; gain = 0.000 ; free physical = 1251 ; free virtual = 6926
restart
INFO: [Wavedata 42-604] Simulation restarted
run all
Inicio.
$finish called at time : 8210 ns : File "/home/nami/Documents/Proyecto_HDL_Synth/hw/tb/test.sv" Line 15
WARNING: [filemgmt 56-199] Attempt to get parsing info during refresh. "On-the-fly" syntax checking information may be incorrect. [/home/nami/Documents/Proyecto_HDL_Synth/hw/tb/tb.sv:]
WARNING: [filemgmt 56-199] Attempt to get parsing info during refresh. "On-the-fly" syntax checking information may be incorrect. [/home/nami/Documents/Proyecto_HDL_Synth/hw/tb/SPI_if.sv:]
WARNING: [filemgmt 56-199] Attempt to get parsing info during refresh. "On-the-fly" syntax checking information may be incorrect. [/home/nami/Documents/Proyecto_HDL_Synth/hw/tb/test.sv:]
WARNING: [filemgmt 56-199] Attempt to get parsing info during refresh. "On-the-fly" syntax checking information may be incorrect. [/home/nami/Documents/Proyecto_HDL_Synth/hw/tb/test.sv:]
WARNING: [filemgmt 56-199] Attempt to get parsing info during refresh. "On-the-fly" syntax checking information may be incorrect. [/home/nami/Documents/Proyecto_HDL_Synth/hw/tb/test.sv:]
WARNING: [filemgmt 56-199] Attempt to get parsing info during refresh. "On-the-fly" syntax checking information may be incorrect. [/home/nami/Documents/Proyecto_HDL_Synth/hw/tb/tb.sv:]
WARNING: [filemgmt 56-199] Attempt to get parsing info during refresh. "On-the-fly" syntax checking information may be incorrect. [/home/nami/Documents/Proyecto_HDL_Synth/hw/tb/SPI_if.sv:]
WARNING: [filemgmt 56-199] Attempt to get parsing info during refresh. "On-the-fly" syntax checking information may be incorrect. [/home/nami/Documents/Proyecto_HDL_Synth/hw/tb/test.sv:]
WARNING: [filemgmt 56-199] Attempt to get parsing info during refresh. "On-the-fly" syntax checking information may be incorrect. [/home/nami/Documents/Proyecto_HDL_Synth/hw/tb/tb.sv:]
WARNING: [filemgmt 56-199] Attempt to get parsing info during refresh. "On-the-fly" syntax checking information may be incorrect. [/home/nami/Documents/Proyecto_HDL_Synth/hw/tb/tb.sv:]
WARNING: [filemgmt 56-199] Attempt to get parsing info during refresh. "On-the-fly" syntax checking information may be incorrect. [/home/nami/Documents/Proyecto_HDL_Synth/hw/tb/tb.sv:]
WARNING: [filemgmt 56-199] Attempt to get parsing info during refresh. "On-the-fly" syntax checking information may be incorrect. [/home/nami/Documents/Proyecto_HDL_Synth/hw/tb/SPI_if.sv:]
WARNING: [filemgmt 56-199] Attempt to get parsing info during refresh. "On-the-fly" syntax checking information may be incorrect. [/home/nami/Documents/Proyecto_HDL_Synth/hw/tb/test.sv:]
WARNING: [filemgmt 56-199] Attempt to get parsing info during refresh. "On-the-fly" syntax checking information may be incorrect. [/home/nami/Documents/Proyecto_HDL_Synth/hw/tb/SPI_if.sv:]
WARNING: [filemgmt 56-199] Attempt to get parsing info during refresh. "On-the-fly" syntax checking information may be incorrect. [/home/nami/Documents/Proyecto_HDL_Synth/hw/tb/SPI_if.sv:]
WARNING: [filemgmt 56-199] Attempt to get parsing info during refresh. "On-the-fly" syntax checking information may be incorrect. [/home/nami/Documents/Proyecto_HDL_Synth/hw/tb/tb.sv:]
WARNING: [filemgmt 56-199] Attempt to get parsing info during refresh. "On-the-fly" syntax checking information may be incorrect. [/home/nami/Documents/Proyecto_HDL_Synth/hw/tb/SPI_if.sv:]
WARNING: [filemgmt 56-199] Attempt to get parsing info during refresh. "On-the-fly" syntax checking information may be incorrect. [/home/nami/Documents/Proyecto_HDL_Synth/hw/tb/test.sv:]
WARNING: [filemgmt 56-199] Attempt to get parsing info during refresh. "On-the-fly" syntax checking information may be incorrect. [/home/nami/Documents/Proyecto_HDL_Synth/hw/tb/test.sv:]
WARNING: [filemgmt 56-199] Attempt to get parsing info during refresh. "On-the-fly" syntax checking information may be incorrect. [/home/nami/Documents/Proyecto_HDL_Synth/hw/tb/test.sv:]
WARNING: [filemgmt 56-199] Attempt to get parsing info during refresh. "On-the-fly" syntax checking information may be incorrect. [/home/nami/Documents/Proyecto_HDL_Synth/hw/tb/tb.sv:]
WARNING: [filemgmt 56-199] Attempt to get parsing info during refresh. "On-the-fly" syntax checking information may be incorrect. [/home/nami/Documents/Proyecto_HDL_Synth/hw/tb/SPI_if.sv:]
WARNING: [filemgmt 56-199] Attempt to get parsing info during refresh. "On-the-fly" syntax checking information may be incorrect. [/home/nami/Documents/Proyecto_HDL_Synth/hw/tb/test.sv:]
WARNING: [filemgmt 56-199] Attempt to get parsing info during refresh. "On-the-fly" syntax checking information may be incorrect. [/home/nami/Documents/Proyecto_HDL_Synth/hw/tb/test.sv:]
WARNING: [filemgmt 56-199] Attempt to get parsing info during refresh. "On-the-fly" syntax checking information may be incorrect. [/home/nami/Documents/Proyecto_HDL_Synth/hw/tb/test.sv:]
relaunch_sim
Command: launch_simulation -step compile -simset sim_1 -mode behavioral
INFO: [Vivado 12-12493] Simulation top is 'tb'
INFO: [Vivado 12-5682] Launching behavioral simulation in '/home/nami/Documents/Proyecto_HDL_Synth/hw/SPI_sv/SPI_sv.sim/sim_1/behav/xsim'
INFO: [SIM-utils-51] Simulation object is 'sim_1'
INFO: [USF-XSim-2] XSim::Compile design
INFO: [USF-XSim-61] Executing 'COMPILE and ANALYZE' step in '/home/nami/Documents/Proyecto_HDL_Synth/hw/SPI_sv/SPI_sv.sim/sim_1/behav/xsim'
xvlog --incr --relax -L uvm -prj tb_vlog.prj
WARNING: [filemgmt 56-199] Attempt to get parsing info during refresh. "On-the-fly" syntax checking information may be incorrect. [/home/nami/Documents/Proyecto_HDL_Synth/hw/tb/tb.sv:]
WARNING: [filemgmt 56-199] Attempt to get parsing info during refresh. "On-the-fly" syntax checking information may be incorrect. [/home/nami/Documents/Proyecto_HDL_Synth/hw/tb/SPI_if.sv:]
WARNING: [filemgmt 56-199] Attempt to get parsing info during refresh. "On-the-fly" syntax checking information may be incorrect. [/home/nami/Documents/Proyecto_HDL_Synth/hw/tb/test.sv:]
WARNING: [filemgmt 56-199] Attempt to get parsing info during refresh. "On-the-fly" syntax checking information may be incorrect. [/home/nami/Documents/Proyecto_HDL_Synth/hw/tb/tb.sv:]
WARNING: [filemgmt 56-199] Attempt to get parsing info during refresh. "On-the-fly" syntax checking information may be incorrect. [/home/nami/Documents/Proyecto_HDL_Synth/hw/tb/tb.sv:]
INFO: [VRFC 10-2263] Analyzing SystemVerilog file "/home/nami/Documents/Proyecto_HDL_Synth/hw/rtl/SPI.sv" into library xil_defaultlib
INFO: [VRFC 10-311] analyzing module SPI
INFO: [VRFC 10-2263] Analyzing SystemVerilog file "/home/nami/Documents/Proyecto_HDL_Synth/hw/tb/SPI_if.sv" into library xil_defaultlib
WARNING: [VRFC 10-2502] extra semicolon in $unit (global) scope [/home/nami/Documents/Proyecto_HDL_Synth/hw/tb/SPI_if.sv:50]
INFO: [VRFC 10-2263] Analyzing SystemVerilog file "/home/nami/Documents/Proyecto_HDL_Synth/hw/tb/test.sv" into library xil_defaultlib
INFO: [VRFC 10-311] analyzing module test
INFO: [VRFC 10-2263] Analyzing SystemVerilog file "/home/nami/Documents/Proyecto_HDL_Synth/hw/tb/tb.sv" into library xil_defaultlib
INFO: [VRFC 10-311] analyzing module tb
Waiting for jobs to finish...
No pending jobs, compilation finished.
INFO: [USF-XSim-69] 'compile' step finished in '3' seconds
Command: launch_simulation -step elaborate -simset sim_1 -mode behavioral
INFO: [Vivado 12-12493] Simulation top is 'tb'
INFO: [Vivado 12-5682] Launching behavioral simulation in '/home/nami/Documents/Proyecto_HDL_Synth/hw/SPI_sv/SPI_sv.sim/sim_1/behav/xsim'
INFO: [SIM-utils-51] Simulation object is 'sim_1'
INFO: [USF-XSim-3] XSim::Elaborate design
INFO: [USF-XSim-61] Executing 'ELABORATE' step in '/home/nami/Documents/Proyecto_HDL_Synth/hw/SPI_sv/SPI_sv.sim/sim_1/behav/xsim'
xelab --incr --debug typical --relax --mt 8 -L xil_defaultlib -L uvm -L unisims_ver -L unimacro_ver -L secureip --snapshot tb_behav xil_defaultlib.tb xil_defaultlib.glbl -log elaborate.log
Vivado Simulator v2024.2.0
Copyright 1986-2022 Xilinx, Inc. All Rights Reserved.
Copyright 2022-2024 Advanced Micro Devices, Inc. All Rights Reserved.
Running: /tools/Xilinx/Vivado/2024.2/bin/unwrapped/lnx64.o/xelab --incr --debug typical --relax --mt 8 -L xil_defaultlib -L uvm -L unisims_ver -L unimacro_ver -L secureip --snapshot tb_behav xil_defaultlib.tb xil_defaultlib.glbl -log elaborate.log 
Using 8 slave threads.
Starting static elaboration
Pass Through NonSizing Optimizer
Completed static elaboration
Starting simulation data flow analysis
WARNING: [XSIM 43-4099] "/home/nami/Documents/Proyecto_HDL_Synth/hw/tb/SPI_if.sv" Line 1. Module SPI_if_default doesn't have a timescale but at least one module in design has a timescale.
WARNING: [XSIM 43-4099] "/home/nami/Documents/Proyecto_HDL_Synth/hw/tb/SPI_if.sv" Line 19. Module cb doesn't have a timescale but at least one module in design has a timescale.
WARNING: [XSIM 43-4099] "/home/nami/Documents/Proyecto_HDL_Synth/hw/tb/test.sv" Line 1. Module test_default doesn't have a timescale but at least one module in design has a timescale.
WARNING: [XSIM 43-4099] "/home/nami/Documents/Proyecto_HDL_Synth/hw/rtl/SPI.sv" Line 6. Module SPI doesn't have a timescale but at least one module in design has a timescale.
WARNING: [XSIM 43-4099] "/home/nami/Documents/Proyecto_HDL_Synth/hw/tb/SPI_if.sv" Line 1. Module SPI_if_default doesn't have a timescale but at least one module in design has a timescale.
WARNING: [XSIM 43-4099] "/home/nami/Documents/Proyecto_HDL_Synth/hw/tb/SPI_if.sv" Line 19. Module cb doesn't have a timescale but at least one module in design has a timescale.
WARNING: [XSIM 43-4099] "/home/nami/Documents/Proyecto_HDL_Synth/hw/tb/SPI_if.sv" Line 19. Module cb doesn't have a timescale but at least one module in design has a timescale.
WARNING: [XSIM 43-4099] "/home/nami/Documents/Proyecto_HDL_Synth/hw/tb/test.sv" Line 1. Module test_default doesn't have a timescale but at least one module in design has a timescale.
WARNING: [XSIM 43-4099] "/home/nami/Documents/Proyecto_HDL_Synth/hw/rtl/SPI.sv" Line 6. Module SPI doesn't have a timescale but at least one module in design has a timescale.
Completed simulation data flow analysis
Time Resolution for simulation is 1ps
Compiling module xil_defaultlib.cb
Compiling module xil_defaultlib.SPI_if_default
Compiling module xil_defaultlib.test_default
Compiling module xil_defaultlib.SPI
Compiling module xil_defaultlib.tb
Compiling module xil_defaultlib.glbl
Built simulation snapshot tb_behav
INFO: [USF-XSim-69] 'elaborate' step finished in '4' seconds
Time resolution is 1 ps
Inicio.
relaunch_sim: Time (s): cpu = 00:00:18 ; elapsed = 00:00:12 . Memory (MB): peak = 7937.105 ; gain = 0.000 ; free physical = 1267 ; free virtual = 6946
restart
INFO: [Wavedata 42-604] Simulation restarted
run all
Inicio.
$finish called at time : 10210 ns : File "/home/nami/Documents/Proyecto_HDL_Synth/hw/tb/test.sv" Line 15
WARNING: [filemgmt 56-199] Attempt to get parsing info during refresh. "On-the-fly" syntax checking information may be incorrect. [/home/nami/Documents/Proyecto_HDL_Synth/hw/tb/tb.sv:]
WARNING: [filemgmt 56-199] Attempt to get parsing info during refresh. "On-the-fly" syntax checking information may be incorrect. [/home/nami/Documents/Proyecto_HDL_Synth/hw/tb/SPI_if.sv:]
WARNING: [filemgmt 56-199] Attempt to get parsing info during refresh. "On-the-fly" syntax checking information may be incorrect. [/home/nami/Documents/Proyecto_HDL_Synth/hw/tb/test.sv:]
WARNING: [filemgmt 56-199] Attempt to get parsing info during refresh. "On-the-fly" syntax checking information may be incorrect. [/home/nami/Documents/Proyecto_HDL_Synth/hw/rtl/SPI.sv:]
WARNING: [filemgmt 56-199] Attempt to get parsing info during refresh. "On-the-fly" syntax checking information may be incorrect. [/home/nami/Documents/Proyecto_HDL_Synth/hw/tb/tb.sv:]
WARNING: [filemgmt 56-199] Attempt to get parsing info during refresh. "On-the-fly" syntax checking information may be incorrect. [/home/nami/Documents/Proyecto_HDL_Synth/hw/tb/tb.sv:]
WARNING: [filemgmt 56-199] Attempt to get parsing info during refresh. "On-the-fly" syntax checking information may be incorrect. [/home/nami/Documents/Proyecto_HDL_Synth/hw/tb/tb.sv:]
WARNING: [filemgmt 56-199] Attempt to get parsing info during refresh. "On-the-fly" syntax checking information may be incorrect. [/home/nami/Documents/Proyecto_HDL_Synth/hw/tb/SPI_if.sv:]
WARNING: [filemgmt 56-199] Attempt to get parsing info during refresh. "On-the-fly" syntax checking information may be incorrect. [/home/nami/Documents/Proyecto_HDL_Synth/hw/tb/test.sv:]
WARNING: [filemgmt 56-199] Attempt to get parsing info during refresh. "On-the-fly" syntax checking information may be incorrect. [/home/nami/Documents/Proyecto_HDL_Synth/hw/rtl/SPI.sv:]
WARNING: [filemgmt 56-199] Attempt to get parsing info during refresh. "On-the-fly" syntax checking information may be incorrect. [/home/nami/Documents/Proyecto_HDL_Synth/hw/rtl/SPI.sv:]
WARNING: [filemgmt 56-199] Attempt to get parsing info during refresh. "On-the-fly" syntax checking information may be incorrect. [/home/nami/Documents/Proyecto_HDL_Synth/hw/rtl/SPI.sv:]
WARNING: [filemgmt 56-199] Attempt to get parsing info during refresh. "On-the-fly" syntax checking information may be incorrect. [/home/nami/Documents/Proyecto_HDL_Synth/hw/tb/tb.sv:]
WARNING: [filemgmt 56-199] Attempt to get parsing info during refresh. "On-the-fly" syntax checking information may be incorrect. [/home/nami/Documents/Proyecto_HDL_Synth/hw/tb/SPI_if.sv:]
WARNING: [filemgmt 56-199] Attempt to get parsing info during refresh. "On-the-fly" syntax checking information may be incorrect. [/home/nami/Documents/Proyecto_HDL_Synth/hw/tb/test.sv:]
WARNING: [filemgmt 56-199] Attempt to get parsing info during refresh. "On-the-fly" syntax checking information may be incorrect. [/home/nami/Documents/Proyecto_HDL_Synth/hw/rtl/SPI.sv:]
WARNING: [filemgmt 56-199] Attempt to get parsing info during refresh. "On-the-fly" syntax checking information may be incorrect. [/home/nami/Documents/Proyecto_HDL_Synth/hw/tb/test.sv:]
WARNING: [filemgmt 56-199] Attempt to get parsing info during refresh. "On-the-fly" syntax checking information may be incorrect. [/home/nami/Documents/Proyecto_HDL_Synth/hw/tb/test.sv:]
WARNING: [filemgmt 56-199] Attempt to get parsing info during refresh. "On-the-fly" syntax checking information may be incorrect. [/home/nami/Documents/Proyecto_HDL_Synth/hw/tb/tb.sv:]
WARNING: [filemgmt 56-199] Attempt to get parsing info during refresh. "On-the-fly" syntax checking information may be incorrect. [/home/nami/Documents/Proyecto_HDL_Synth/hw/tb/SPI_if.sv:]
WARNING: [filemgmt 56-199] Attempt to get parsing info during refresh. "On-the-fly" syntax checking information may be incorrect. [/home/nami/Documents/Proyecto_HDL_Synth/hw/tb/test.sv:]
WARNING: [filemgmt 56-199] Attempt to get parsing info during refresh. "On-the-fly" syntax checking information may be incorrect. [/home/nami/Documents/Proyecto_HDL_Synth/hw/rtl/SPI.sv:]
WARNING: [filemgmt 56-199] Attempt to get parsing info during refresh. "On-the-fly" syntax checking information may be incorrect. [/home/nami/Documents/Proyecto_HDL_Synth/hw/tb/tb.sv:]
WARNING: [filemgmt 56-199] Attempt to get parsing info during refresh. "On-the-fly" syntax checking information may be incorrect. [/home/nami/Documents/Proyecto_HDL_Synth/hw/tb/tb.sv:]
WARNING: [filemgmt 56-199] Attempt to get parsing info during refresh. "On-the-fly" syntax checking information may be incorrect. [/home/nami/Documents/Proyecto_HDL_Synth/hw/tb/tb.sv:]
WARNING: [filemgmt 56-199] Attempt to get parsing info during refresh. "On-the-fly" syntax checking information may be incorrect. [/home/nami/Documents/Proyecto_HDL_Synth/hw/tb/SPI_if.sv:]
WARNING: [filemgmt 56-199] Attempt to get parsing info during refresh. "On-the-fly" syntax checking information may be incorrect. [/home/nami/Documents/Proyecto_HDL_Synth/hw/tb/test.sv:]
WARNING: [filemgmt 56-199] Attempt to get parsing info during refresh. "On-the-fly" syntax checking information may be incorrect. [/home/nami/Documents/Proyecto_HDL_Synth/hw/rtl/SPI.sv:]
WARNING: [filemgmt 56-199] Attempt to get parsing info during refresh. "On-the-fly" syntax checking information may be incorrect. [/home/nami/Documents/Proyecto_HDL_Synth/hw/rtl/SPI.sv:]
WARNING: [filemgmt 56-199] Attempt to get parsing info during refresh. "On-the-fly" syntax checking information may be incorrect. [/home/nami/Documents/Proyecto_HDL_Synth/hw/rtl/SPI.sv:]
WARNING: [filemgmt 56-199] Attempt to get parsing info during refresh. "On-the-fly" syntax checking information may be incorrect. [/home/nami/Documents/Proyecto_HDL_Synth/hw/tb/tb.sv:]
WARNING: [filemgmt 56-199] Attempt to get parsing info during refresh. "On-the-fly" syntax checking information may be incorrect. [/home/nami/Documents/Proyecto_HDL_Synth/hw/tb/SPI_if.sv:]
WARNING: [filemgmt 56-199] Attempt to get parsing info during refresh. "On-the-fly" syntax checking information may be incorrect. [/home/nami/Documents/Proyecto_HDL_Synth/hw/tb/test.sv:]
WARNING: [filemgmt 56-199] Attempt to get parsing info during refresh. "On-the-fly" syntax checking information may be incorrect. [/home/nami/Documents/Proyecto_HDL_Synth/hw/rtl/SPI.sv:]
WARNING: [filemgmt 56-199] Attempt to get parsing info during refresh. "On-the-fly" syntax checking information may be incorrect. [/home/nami/Documents/Proyecto_HDL_Synth/hw/tb/test.sv:]
WARNING: [filemgmt 56-199] Attempt to get parsing info during refresh. "On-the-fly" syntax checking information may be incorrect. [/home/nami/Documents/Proyecto_HDL_Synth/hw/tb/test.sv:]
WARNING: [filemgmt 56-199] Attempt to get parsing info during refresh. "On-the-fly" syntax checking information may be incorrect. [/home/nami/Documents/Proyecto_HDL_Synth/hw/tb/tb.sv:]
WARNING: [filemgmt 56-199] Attempt to get parsing info during refresh. "On-the-fly" syntax checking information may be incorrect. [/home/nami/Documents/Proyecto_HDL_Synth/hw/tb/SPI_if.sv:]
WARNING: [filemgmt 56-199] Attempt to get parsing info during refresh. "On-the-fly" syntax checking information may be incorrect. [/home/nami/Documents/Proyecto_HDL_Synth/hw/tb/test.sv:]
WARNING: [filemgmt 56-199] Attempt to get parsing info during refresh. "On-the-fly" syntax checking information may be incorrect. [/home/nami/Documents/Proyecto_HDL_Synth/hw/rtl/SPI.sv:]
WARNING: [filemgmt 56-199] Attempt to get parsing info during refresh. "On-the-fly" syntax checking information may be incorrect. [/home/nami/Documents/Proyecto_HDL_Synth/hw/tb/tb.sv:]
WARNING: [filemgmt 56-199] Attempt to get parsing info during refresh. "On-the-fly" syntax checking information may be incorrect. [/home/nami/Documents/Proyecto_HDL_Synth/hw/tb/tb.sv:]
WARNING: [filemgmt 56-199] Attempt to get parsing info during refresh. "On-the-fly" syntax checking information may be incorrect. [/home/nami/Documents/Proyecto_HDL_Synth/hw/tb/tb.sv:]
WARNING: [filemgmt 56-199] Attempt to get parsing info during refresh. "On-the-fly" syntax checking information may be incorrect. [/home/nami/Documents/Proyecto_HDL_Synth/hw/tb/SPI_if.sv:]
WARNING: [filemgmt 56-199] Attempt to get parsing info during refresh. "On-the-fly" syntax checking information may be incorrect. [/home/nami/Documents/Proyecto_HDL_Synth/hw/tb/test.sv:]
WARNING: [filemgmt 56-199] Attempt to get parsing info during refresh. "On-the-fly" syntax checking information may be incorrect. [/home/nami/Documents/Proyecto_HDL_Synth/hw/rtl/SPI.sv:]
WARNING: [filemgmt 56-199] Attempt to get parsing info during refresh. "On-the-fly" syntax checking information may be incorrect. [/home/nami/Documents/Proyecto_HDL_Synth/hw/rtl/SPI.sv:]
WARNING: [filemgmt 56-199] Attempt to get parsing info during refresh. "On-the-fly" syntax checking information may be incorrect. [/home/nami/Documents/Proyecto_HDL_Synth/hw/rtl/SPI.sv:]
WARNING: [filemgmt 56-199] Attempt to get parsing info during refresh. "On-the-fly" syntax checking information may be incorrect. [/home/nami/Documents/Proyecto_HDL_Synth/hw/tb/tb.sv:]
WARNING: [filemgmt 56-199] Attempt to get parsing info during refresh. "On-the-fly" syntax checking information may be incorrect. [/home/nami/Documents/Proyecto_HDL_Synth/hw/tb/SPI_if.sv:]
WARNING: [filemgmt 56-199] Attempt to get parsing info during refresh. "On-the-fly" syntax checking information may be incorrect. [/home/nami/Documents/Proyecto_HDL_Synth/hw/tb/test.sv:]
WARNING: [filemgmt 56-199] Attempt to get parsing info during refresh. "On-the-fly" syntax checking information may be incorrect. [/home/nami/Documents/Proyecto_HDL_Synth/hw/rtl/SPI.sv:]
WARNING: [filemgmt 56-199] Attempt to get parsing info during refresh. "On-the-fly" syntax checking information may be incorrect. [/home/nami/Documents/Proyecto_HDL_Synth/hw/tb/test.sv:]
WARNING: [filemgmt 56-199] Attempt to get parsing info during refresh. "On-the-fly" syntax checking information may be incorrect. [/home/nami/Documents/Proyecto_HDL_Synth/hw/tb/test.sv:]
close_sim
INFO: [Simtcl 6-16] Simulation closed
close_sim: Time (s): cpu = 00:00:16 ; elapsed = 00:00:05 . Memory (MB): peak = 7997.406 ; gain = 0.000 ; free physical = 1725 ; free virtual = 7396
exit
INFO: [Common 17-206] Exiting Vivado at Thu May  1 14:57:51 2025...
